<?xml version="1.0" encoding="UTF-8"?>
<!-- Generated by org.testng.reporters.JUnitReportReporter -->
<testsuite hostname="DESKTOP-IJ551VH" failures="0" tests="1" name="TestClasses.LawsuiteTestCase" time="13.599" errors="0" timestamp="2023-01-06T14:51:09 IST" skipped="0">
  <testcase classname="TestClasses.LawsuiteTestCase" name="verifyText" time="13.599"/>
  <system-out/>
</testsuite> <!-- TestClasses.LawsuiteTestCase -->
